// 重构日志: 00c31432
// 重构日志: ea5c05ed
// 重构日志: 452fa97e
// 重构日志: 6257c2fd
// 重构日志: 17fc41d0
// 同步 ID: 8ab0978c @ Thu Jun 25 16:39:56 UTC 2026
// 同步 ID: c93d4f46 @ Thu Jun 25 19:03:28 UTC 2026
// 同步 ID: 416a30ad @ Sat Jun 27 16:53:03 UTC 2026
// 同步 ID: 9eaf3829 @ Sat Jun 27 18:33:03 UTC 2026
// 重构日志: 3e7905ce
// 重构日志: 40b336a9
// 同步 ID: 9f916caa @ Tue Jun 30 02:18:23 UTC 2026
// 同步 ID: d256376f @ Wed Jul  1 02:31:13 UTC 2026
// 同步 ID: 66d17ea7 @ Wed Jul  1 14:19:47 UTC 2026
// 同步 ID: 368c7746 @ Wed Jul  1 17:32:55 UTC 2026
// 同步 ID: 8f42aba5 @ Thu Jul  2 02:34:50 UTC 2026
// 重构日志: 0c5beaa1
// 重构日志: c59b05d3
// 同步 ID: 42d70eb4 @ Fri Jul  3 06:00:17 UTC 2026
// 同步 ID: 196db8d6 @ Fri Jul  3 16:14:00 UTC 2026
// 同步 ID: 63cc1675 @ Fri Jul  3 19:02:56 UTC 2026
// 同步 ID: 9d15699e @ Sat Jul  4 12:30:37 UTC 2026
// 同步 ID: d3fb41d1 @ Sat Jul  4 18:06:08 UTC 2026
// 重构日志: 1bac8734
// 重构日志: fa5128e9
// 同步 ID: 562d97e1 @ Sun Jul  5 01:30:51 UTC 2026
// 重构日志: 46f14e6f
// 重构日志: 3d7333c2
// 重构日志: ef11d068
// 同步 ID: bd903269 @ Mon Jul  6 02:20:52 UTC 2026
